2026-03-15 21:05:17 [scrapy.addons] INFO: Enabled addons:
[]
2026-03-15 21:05:17 [scrapy.extensions.telnet] INFO: Telnet Password: e55edc22cc57e860
2026-03-15 21:05:17 [scrapy.middleware] INFO: Enabled extensions:
['scrapy.extensions.corestats.CoreStats',
 'scrapy.extensions.telnet.TelnetConsole',
 'scrapy.extensions.memusage.MemoryUsage',
 'scrapy.extensions.feedexport.FeedExporter',
 'scrapy.extensions.logstats.LogStats']
2026-03-15 21:05:17 [scrapy.crawler] INFO: Overridden settings:
{'CONCURRENT_REQUESTS_PER_DOMAIN': 2,
 'DEPTH_LIMIT': 4,
 'DOWNLOAD_DELAY': 2,
 'LOG_FILE': '../results/crawl.log',
 'LOG_LEVEL': 'INFO',
 'ROBOTSTXT_OBEY': True,
 'SPIDER_LOADER_WARN_ONLY': True,
 'USER_AGENT': 'books-crawler-academic-project'}
2026-03-15 21:05:17 [py.warnings] WARNING: /Users/anastasiiaoleksiienko/Library/Python/3.9/lib/python/site-packages/urllib3/__init__.py:35: NotOpenSSLWarning: urllib3 v2 only supports OpenSSL 1.1.1+, currently the 'ssl' module is compiled with 'LibreSSL 2.8.3'. See: https://github.com/urllib3/urllib3/issues/3020
  warnings.warn(

2026-03-15 21:05:17 [scrapy.middleware] INFO: Enabled downloader middlewares:
['scrapy.downloadermiddlewares.offsite.OffsiteMiddleware',
 'scrapy.downloadermiddlewares.robotstxt.RobotsTxtMiddleware',
 'scrapy.downloadermiddlewares.httpauth.HttpAuthMiddleware',
 'scrapy.downloadermiddlewares.downloadtimeout.DownloadTimeoutMiddleware',
 'scrapy.downloadermiddlewares.defaultheaders.DefaultHeadersMiddleware',
 'scrapy.downloadermiddlewares.useragent.UserAgentMiddleware',
 'scrapy.downloadermiddlewares.retry.RetryMiddleware',
 'scrapy.downloadermiddlewares.redirect.MetaRefreshMiddleware',
 'scrapy.downloadermiddlewares.httpcompression.HttpCompressionMiddleware',
 'scrapy.downloadermiddlewares.redirect.RedirectMiddleware',
 'scrapy.downloadermiddlewares.cookies.CookiesMiddleware',
 'scrapy.downloadermiddlewares.httpproxy.HttpProxyMiddleware',
 'scrapy.downloadermiddlewares.stats.DownloaderStats']
2026-03-15 21:05:17 [scrapy.middleware] INFO: Enabled spider middlewares:
['scrapy.spidermiddlewares.start.StartSpiderMiddleware',
 'scrapy.spidermiddlewares.httperror.HttpErrorMiddleware',
 'scrapy.spidermiddlewares.referer.RefererMiddleware',
 'scrapy.spidermiddlewares.urllength.UrlLengthMiddleware',
 'scrapy.spidermiddlewares.depth.DepthMiddleware']
2026-03-15 21:05:17 [scrapy.middleware] INFO: Enabled item pipelines:
[]
2026-03-15 21:05:17 [scrapy.core.engine] INFO: Spider opened
2026-03-15 21:05:17 [scrapy.extensions.logstats] INFO: Crawled 0 pages (at 0 pages/min), scraped 0 items (at 0 items/min)
2026-03-15 21:05:17 [scrapy.extensions.telnet] INFO: Telnet console listening on 127.0.0.1:6023
2026-03-15 21:06:17 [scrapy.extensions.logstats] INFO: Crawled 26 pages (at 26 pages/min), scraped 22 items (at 22 items/min)
2026-03-15 21:07:17 [scrapy.extensions.logstats] INFO: Crawled 53 pages (at 27 pages/min), scraped 47 items (at 25 items/min)
2026-03-15 21:08:17 [scrapy.extensions.logstats] INFO: Crawled 77 pages (at 24 pages/min), scraped 71 items (at 24 items/min)
2026-03-15 21:08:39 [scrapy.core.engine] INFO: Closing spider (finished)
2026-03-15 21:08:39 [scrapy.extensions.feedexport] INFO: Stored json feed (80 items) in: ../results/books.json
2026-03-15 21:08:39 [scrapy.statscollectors] INFO: Dumping Scrapy stats:
{'downloader/request_bytes': 28472,
 'downloader/request_count': 86,
 'downloader/request_method_count/GET': 86,
 'downloader/response_bytes': 1809173,
 'downloader/response_count': 86,
 'downloader/response_status_count/200': 85,
 'downloader/response_status_count/404': 1,
 'elapsed_time_seconds': 201.765068,
 'feedexport/success_count/FileFeedStorage': 1,
 'finish_reason': 'finished',
 'finish_time': datetime.datetime(2026, 3, 15, 20, 8, 39, 44698, tzinfo=datetime.timezone.utc),
 'item_scraped_count': 80,
 'items_per_minute': 23.88059701492537,
 'log_count/INFO': 14,
 'log_count/WARNING': 1,
 'memusage/max': 74743808,
 'memusage/startup': 67354624,
 'request_depth_max': 4,
 'response_received_count': 86,
 'responses_per_minute': 25.671641791044774,
 'robotstxt/request_count': 1,
 'robotstxt/response_count': 1,
 'robotstxt/response_status_count/404': 1,
 'scheduler/dequeued': 85,
 'scheduler/dequeued/memory': 85,
 'scheduler/enqueued': 85,
 'scheduler/enqueued/memory': 85,
 'start_time': datetime.datetime(2026, 3, 15, 20, 5, 17, 279630, tzinfo=datetime.timezone.utc)}
2026-03-15 21:08:39 [scrapy.core.engine] INFO: Spider closed (finished)
